<?xml version="1.0" encoding="UTF-8"?>
<testsuite xmlns:xsi="http://www.w3.org/2001/XMLSchema-instance" xsi:noNamespaceSchemaLocation="https://maven.apache.org/surefire/maven-surefire-plugin/xsd/surefire-test-report-3.0.xsd" version="3.0" name="DepartmentServiceTest" time="1.214" tests="26" errors="0" skipped="0" failures="0">
  <properties>
[...]
</properties>
  <testcase name="findByIdShouldThrowExceptionWhenIdIsLessOrEqualToZero(Integer)[1]" classname="DepartmentServiceTest" time="0.991">
    <system-err><![CDATA[Mockito is currently self-attaching to enable the inline-mock-maker. This will no longer work in future releases of the JDK. Please add Mockito as an agent to your build as described in Mockito's documentation: https://javadoc.io/doc/org.mockito/mockito-core/latest/org.mockito/org/mockito/Mockito.html#0.3
WARNING: A Java agent has been loaded dynamically (C:\Users\lopes\.m2\repository\net\bytebuddy\byte-buddy-agent\1.17.7\byte-buddy-agent-1.17.7.jar)
WARNING: If a serviceability tool is in use, please run with -XX:+EnableDynamicAgentLoading to hide this warning
WARNING: If a serviceability tool is not in use, please run with -Djdk.instrument.traceUsage for more information
WARNING: Dynamic loading of agents will be disallowed by default in a future release
]]></system-err>
  </testcase>
  <testcase name="findByIdShouldThrowExceptionWhenIdIsLessOrEqualToZero(Integer)[2]" classname="DepartmentServiceTest" time="0.002"/>
  <testcase name="findPageShouldThrowExceptionWhenPageIsNull" classname="DepartmentServiceTest" time="0.038"/>
  <testcase name="findByIdShouldReturnDepartmentWhenIdIsValid" classname="DepartmentServiceTest" time="0.017"/>
  <testcase name="findByIdShouldThrowExceptionWhenIdIsNull(Integer)[1]" classname="DepartmentServiceTest" time="0.004"/>
  <testcase name="countDepartmentShouldReturnZeroWhenDaoReturnZero" classname="DepartmentServiceTest" time="0.002"/>
  <testcase name="updateShouldCallDepartmentDaoWhenDepartmentIsValid" classname="DepartmentServiceTest" time="0.001"/>
  <testcase name="deleteShouldCallDepartmentDaoWhenIdIsValid" classname="DepartmentServiceTest" time="0.002"/>
  <testcase name="findPageShouldThrowExceptionWhenPageSizeIsNull" classname="DepartmentServiceTest" time="0.004"/>
  <testcase name="findAllShouldReturnListReturnedByDepartmentDao" classname="DepartmentServiceTest" time="0.003"/>
  <testcase name="insertShouldThrowExceptionWhenDepartmentNameIsNullOrEmpty(String, String)[1]" classname="DepartmentServiceTest" time="0.005"/>
  <testcase name="insertShouldThrowExceptionWhenDepartmentNameIsNullOrEmpty(String, String)[2]" classname="DepartmentServiceTest" time="0.001"/>
  <testcase name="findAllShouldReturnEmptyListWhenDepartmentDaoReturnsEmptyList" classname="DepartmentServiceTest" time="0.001"/>
  <testcase name="deleteByIdShouldThrowExceptionWhenIdIsLessOrEqualToZero(Integer)[1]" classname="DepartmentServiceTest" time="0.003"/>
  <testcase name="deleteByIdShouldThrowExceptionWhenIdIsLessOrEqualToZero(Integer)[2]" classname="DepartmentServiceTest" time="0.001"/>
  <testcase name="findPageShouldThrowExceptionWhenPageSizeIsLessOrEqualToZero" classname="DepartmentServiceTest" time="0.002"/>
  <testcase name="findPageShouldReturnPageReturnedByDepartmentDao" classname="DepartmentServiceTest" time="0.001"/>
  <testcase name="findPageShouldThrowExceptionWhenPageIsLessOrEqualToZero" classname="DepartmentServiceTest" time="0.002"/>
  <testcase name="countDepartmentShouldReturnCountReturnedByDepartmentDao" classname="DepartmentServiceTest" time="0.002"/>
  <testcase name="deleteByIdShouldThrowExceptionWhenIdIsNull(Integer)[1]" classname="DepartmentServiceTest" time="0.002"/>
  <testcase name="findPageShouldReturnEmptyListReturnedByDepartmentDao" classname="DepartmentServiceTest" time="0.002"/>
  <testcase name="insertShouldCallDepartmentDaoWhenDepartmenIsValid" classname="DepartmentServiceTest" time="0.002"/>
  <testcase name="updateShouldThrowExceptionWhenDepartmentNameIsNullOrEmpty(String, String)[1]" classname="DepartmentServiceTest" time="0.001"/>
  <testcase name="updateShouldThrowExceptionWhenDepartmentNameIsNullOrEmpty(String, String)[2]" classname="DepartmentServiceTest" time="0.001"/>
  <testcase name="updateShouldThrowExceptionWhenDepartmentIsNull(Department)[1]" classname="DepartmentServiceTest" time="0.002"/>
  <testcase name="insertShouldThrowInterceptionWhenDepartmentIsNull(Department)[1]" classname="DepartmentServiceTest" time="0.001"/>
</testsuite>