<?xml version="1.0" encoding="UTF-8"?>
<testsuite xmlns:xsi="http://www.w3.org/2001/XMLSchema-instance" xsi:noNamespaceSchemaLocation="https://maven.apache.org/surefire/maven-surefire-plugin/xsd/surefire-test-report-3.0.xsd" version="3.0" name="EmployeeServiceTest" time="0.201" tests="10" errors="0" skipped="0" failures="0">
  <properties>
[...]
</properties>
  <testcase name="insertThrowsExceptionWithCorrectMessageWhenSalaryIsZero" classname="EmployeeServiceTest" time="0.17"/>
  <testcase name="insertThrowsExceptionWithCorrectMessageWhenSalaryIsnUll" classname="EmployeeServiceTest" time="0.002"/>
  <testcase name="insertThrowsExceptionWithCorrectMessageWhenPositionIsNull" classname="EmployeeServiceTest" time="0.002"/>
  <testcase name="insertThrowsExceptionWithCorrectMessageWhenDepartmentIdIsNull" classname="EmployeeServiceTest" time="0.001"/>
  <testcase name="insertThrowsExceptionWithCorrectMessageWhenDepartmentIdIsZero" classname="EmployeeServiceTest" time="0.001"/>
  <testcase name="insertThrowsExceptionWithCorrectMessageWhenDepartmentIsNull" classname="EmployeeServiceTest" time="0.001"/>
  <testcase name="insertThrowsExceptionWithCorrectMessageWhenEmployeeIsNull" classname="EmployeeServiceTest" time="0.001"/>
  <testcase name="insertThrowsExceptionWithCorrectMessageWhenNameIsNull" classname="EmployeeServiceTest" time="0.0"/>
  <testcase name="insertThrowsExceptionWithCorrectMessageWhenNameIsEmpty" classname="EmployeeServiceTest" time="0.001"/>
  <testcase name="insertThrowsExceptionWithCorrectMessageWhenHireDateIsNull" classname="EmployeeServiceTest" time="0.001"/>
</testsuite>