<?xml version="1.0" encoding="UTF-8"?>
<testsuite xmlns:xsi="http://www.w3.org/2001/XMLSchema-instance" xsi:noNamespaceSchemaLocation="https://maven.apache.org/surefire/maven-surefire-plugin/xsd/surefire-test-report-3.0.xsd" version="3.0" name="EmployeeServiceTest" time="1.63" tests="44" errors="0" skipped="0" failures="0">
  <properties>
[...]
</properties>
  <testcase name="insertThrowsExceptionWithCorrectMessageWhenNameIsNullOrEmpty(String, String)[1]" classname="EmployeeServiceTest" time="1.323">
    <system-err><![CDATA[Mockito is currently self-attaching to enable the inline-mock-maker. This will no longer work in future releases of the JDK. Please add Mockito as an agent to your build as described in Mockito's documentation: https://javadoc.io/doc/org.mockito/mockito-core/latest/org.mockito/org/mockito/Mockito.html#0.3
WARNING: A Java agent has been loaded dynamically (C:\Users\lopes\.m2\repository\net\bytebuddy\byte-buddy-agent\1.17.7\byte-buddy-agent-1.17.7.jar)
WARNING: If a serviceability tool is in use, please run with -XX:+EnableDynamicAgentLoading to hide this warning
WARNING: If a serviceability tool is not in use, please run with -Djdk.instrument.traceUsage for more information
WARNING: Dynamic loading of agents will be disallowed by default in a future release
]]></system-err>
  </testcase>
  <testcase name="insertThrowsExceptionWithCorrectMessageWhenNameIsNullOrEmpty(String, String)[2]" classname="EmployeeServiceTest" time="0.005"/>
  <testcase name="insertShouldCallEmployeeDaoInsertWhenEmployeeIsValid" classname="EmployeeServiceTest" time="0.039"/>
  <testcase name="updateShouldCallEmployeeDaoWhenEmployeeIsValid" classname="EmployeeServiceTest" time="0.003"/>
  <testcase name="countEmployeesShouldReturnZeroWhenDaoReturnsZero" classname="EmployeeServiceTest" time="0.009"/>
  <testcase name="insertThrowsExceptionWithCorrectMessageWhenSalaryIsNull" classname="EmployeeServiceTest" time="0.002"/>
  <testcase name="insertThrowsExceptionWithCorrectMessageWhenSalaryIsZero" classname="EmployeeServiceTest" time="0.002"/>
  <testcase name="updateThrowsExceptionWithCorrectMessageWhenDepartmentIsNull" classname="EmployeeServiceTest" time="0.002"/>
  <testcase name="findByIdShouldCallEmployeeDaoFindByIdWhenIdIsValid" classname="EmployeeServiceTest" time="0.002"/>
  <testcase name="updateThrowsExceptionWithCorrectMessageWhenDepartmentIdIsNull" classname="EmployeeServiceTest" time="0.002"/>
  <testcase name="updateThrowsExceptionWithCorrectMessageWhenDepartmentIdIsZero" classname="EmployeeServiceTest" time="0.002"/>
  <testcase name="insertThrowsExceptionWithCorrectMessageWhenPositionIsNull" classname="EmployeeServiceTest" time="0.002"/>
  <testcase name="updateThrowsExceptionWithCorrectMessageWhenEmployeeIsNull(Employee)[1]" classname="EmployeeServiceTest" time="0.004"/>
  <testcase name="insertThrowsExceptionWithCorrectMessageWhenPositionIdIsNull" classname="EmployeeServiceTest" time="0.002"/>
  <testcase name="insertThrowsExceptionWithCorrectMessageWhenPositionIdIsZero" classname="EmployeeServiceTest" time="0.002"/>
  <testcase name="insertThrowsExceptionWithCorrectMessageWhenDepartmentIdIsNull" classname="EmployeeServiceTest" time="0.001"/>
  <testcase name="insertThrowsExceptionWithCorrectMessageWhenDepartmentIdIsZero" classname="EmployeeServiceTest" time="0.002"/>
  <testcase name="updateThrowsExceptionWithCorrectMessageWhenHireDateIsNull" classname="EmployeeServiceTest" time="0.003"/>
  <testcase name="findAllShouldReturnListReturnedByEmployeeDao" classname="EmployeeServiceTest" time="0.002"/>
  <testcase name="deleteThrowsExceptionWithCorrectMessageWhenEmployeeIdIsZeroOrNegative(Integer)[1]" classname="EmployeeServiceTest" time="0.002"/>
  <testcase name="deleteThrowsExceptionWithCorrectMessageWhenEmployeeIdIsZeroOrNegative(Integer)[2]" classname="EmployeeServiceTest" time="0.002"/>
  <testcase name="updateThrowsExceptionWithCorrectMessageWhenNameIsEmpty" classname="EmployeeServiceTest" time="0.003"/>
  <testcase name="findByIdShouldPropagateExceptionWhenDaoThrowsException" classname="EmployeeServiceTest" time="0.009"/>
  <testcase name="updateThrowsExceptionWithCorrectMessageWhenSalaryIsNull" classname="EmployeeServiceTest" time="0.002"/>
  <testcase name="updateThrowsExceptionWithCorrectMessageWhenSalaryIsZero" classname="EmployeeServiceTest" time="0.002"/>
  <testcase name="updateThrowsExceptionWithCorrectMessageWhenPositionIsNull" classname="EmployeeServiceTest" time="0.001"/>
  <testcase name="updateThrowsExceptionWithCorrectMessageWhenEmployeeIdIsZeroOrNegative(Integer)[1]" classname="EmployeeServiceTest" time="0.002"/>
  <testcase name="updateThrowsExceptionWithCorrectMessageWhenEmployeeIdIsZeroOrNegative(Integer)[2]" classname="EmployeeServiceTest" time="0.001"/>
  <testcase name="insertThrowsExceptionWithCorrectMessageWhenDepartmentIsNull" classname="EmployeeServiceTest" time="0.001"/>
  <testcase name="deleteByIdShouldCallEmployeeDaoWhenIdIsValid" classname="EmployeeServiceTest" time="0.002"/>
  <testcase name="findByIdThrowsExceptionWithCorrectMessageWhenEmployeeIdIsNull(Integer)[1]" classname="EmployeeServiceTest" time="0.003"/>
  <testcase name="countEmployeesShouldReturnEmployeeCountReturnedByDao" classname="EmployeeServiceTest" time="0.002"/>
  <testcase name="findByIdShouldReturnEmployeeReturnedByDao" classname="EmployeeServiceTest" time="0.002"/>
  <testcase name="updateThrowsExceptionWithCorrectMessageWhenPositionIdIsNull" classname="EmployeeServiceTest" time="0.001"/>
  <testcase name="updateThrowsExceptionWithCorrectMessageWhenPositionIdIsZero" classname="EmployeeServiceTest" time="0.002"/>
  <testcase name="findByIdThrowsExceptionWithCorrectMessageWhenEmployeeIdIsZeroOrNegative(Integer)[1]" classname="EmployeeServiceTest" time="0.002"/>
  <testcase name="findByIdThrowsExceptionWithCorrectMessageWhenEmployeeIdIsZeroOrNegative(Integer)[2]" classname="EmployeeServiceTest" time="0.001"/>
  <testcase name="findAllShouldReturnEmptyListWhenDaoReturnsEmptyList" classname="EmployeeServiceTest" time="0.001"/>
  <testcase name="updateThrowsExceptionWithCorrectMessageWhenNameIsNull" classname="EmployeeServiceTest" time="0.002"/>
  <testcase name="updateThrowsExceptionWithCorrectMessageWhenEmployeeIdIsNull" classname="EmployeeServiceTest" time="0.001"/>
  <testcase name="insertThrowsExceptionWithCorrectMessageWhenEmployeeIsNull(Employee)[1]" classname="EmployeeServiceTest" time="0.002"/>
  <testcase name="deleteThrowsExceptionWithCorrectMessageWhenEmployeeIdIsNull(Integer)[1]" classname="EmployeeServiceTest" time="0.002"/>
  <testcase name="insertThrowsExceptionWithCorrectMessageWhenNameIsEmpty" classname="EmployeeServiceTest" time="0.001"/>
  <testcase name="insertThrowsExceptionWithCorrectMessageWhenHireDateIsNull" classname="EmployeeServiceTest" time="0.002"/>
</testsuite>